Using pre-set license
Built from '2020.2/release' branch; Version is '2020.2.1f1 (270dd8c3da1c) revision 2559448'; Using compiler version '192528614'; Build Type 'Release'
OS: 'Windows 10  (10.0.0) 64bit' Language: 'en' Physical Memory: 16253 MB
BatchMode: 1, IsHumanControllingUs: 0, StartBugReporterOnCrash: 0, Is64bit: 1, IsPro: 0

 COMMAND LINE ARGUMENTS:
C:\Program Files\Unity\Hub\Editor\2020.2.1f1\Editor\Unity.exe
-adb2
-batchMode
-noUpm
-name
AssetImportWorker0
-projectPath
C:/Users/Dan/Documents/GitHub/SmartNS
-logFile
Logs/AssetImportWorker0.log
-srvPort
62499
Successfully changed project path to: C:/Users/Dan/Documents/GitHub/SmartNS
C:/Users/Dan/Documents/GitHub/SmartNS
Using Asset Import Pipeline V2.
Refreshing native plugins compatible for Editor in 18.84 ms, found 0 plugins.
Preloading 0 native plugins for Editor in 0.00 ms.
Initialize engine version: 2020.2.1f1 (270dd8c3da1c)
[Subsystems] Discovering subsystems at path C:/Program Files/Unity/Hub/Editor/2020.2.1f1/Editor/Data/Resources/UnitySubsystems
[Subsystems] Discovering subsystems at path C:/Users/Dan/Documents/GitHub/SmartNS/Assets
GfxDevice: creating device client; threaded=0
Direct3D:
    Version:  Direct3D 11.0 [level 11.1]
    Renderer: NVIDIA GeForce GTX 1070 (ID=0x1ba1)
    Vendor:   
    VRAM:     8081 MB
    Driver:   27.21.14.6089
Initialize mono
Mono path[0] = 'C:/Program Files/Unity/Hub/Editor/2020.2.1f1/Editor/Data/Managed'
Mono path[1] = 'C:/Program Files/Unity/Hub/Editor/2020.2.1f1/Editor/Data/MonoBleedingEdge/lib/mono/unityjit'
Mono config path = 'C:/Program Files/Unity/Hub/Editor/2020.2.1f1/Editor/Data/MonoBleedingEdge/etc'
Using monoOptions --debugger-agent=transport=dt_socket,embedding=1,server=y,suspend=n,address=127.0.0.1:56468
Begin MonoManager ReloadAssembly
Registering precompiled unity dll's ...
Register platform support module: C:/Program Files/Unity/Hub/Editor/2020.2.1f1/Editor/Data/PlaybackEngines/WindowsStandaloneSupport/UnityEditor.WindowsStandalone.Extensions.dll
Registered in 0.001635 seconds.
Native extension for WindowsStandalone target not found
Refreshing native plugins compatible for Editor in 17.59 ms, found 0 plugins.
Preloading 0 native plugins for Editor in 0.00 ms.
Invoked RoslynAnalysisRunner static constructor.
RoslynAnalysisRunner will not be running.
RoslynAnalysisRunner has terminated.
Mono: successfully reloaded assembly
- Completed reload, in  0.874 seconds
Platform modules already initialized, skipping
Registering precompiled user dll's ...
Registered in 0.000691 seconds.
Begin MonoManager ReloadAssembly
Native extension for WindowsStandalone target not found
Refreshing native plugins compatible for Editor in 0.15 ms, found 0 plugins.
Preloading 0 native plugins for Editor in 0.00 ms.
Invoked RoslynAnalysisRunner static constructor.
RoslynAnalysisRunner will not be running.
RoslynAnalysisRunner has terminated.
Mono: successfully reloaded assembly
- Completed reload, in  0.739 seconds
Platform modules already initialized, skipping
========================================================================
Worker process is ready to serve import requests
Launched and connected shader compiler UnityShaderCompiler.exe after 0.05 seconds
Refreshing native plugins compatible for Editor in 0.13 ms, found 0 plugins.
Preloading 0 native plugins for Editor in 0.00 ms.
Unloading 1006 Unused Serialized files (Serialized files now loaded: 0)
System memory in use before: 49.2 MB.
System memory in use after: 49.2 MB.

Unloading 8 unused Assets to reduce memory usage. Loaded Objects now: 1447.
Total: 1.607900 ms (FindLiveObjects: 0.106600 ms CreateObjectMapping: 0.034000 ms MarkObjects: 1.385100 ms  DeleteObjects: 0.081500 ms)

========================================================================
Received Import Request.
  path: Assets/SmartNS/Documentation.txt
  artifactKey: Guid(5da515bfcce2e304cbab0d826d56e36d) Importer(815301076,1909f56bfc062723c751e8b465ee728b)
Start importing Assets/SmartNS/Documentation.txt using Guid(5da515bfcce2e304cbab0d826d56e36d) Importer(815301076,1909f56bfc062723c751e8b465ee728b)  -> (artifact id: '05d8a726b8b199590318b61c1d6165ca') in 0.042146 seconds
  Import took 0.044082 seconds .

========================================================================
Received Import Request.
  Time since last request: 157.067090 seconds.
  path: Assets/SmartNS/Documentation.txt
  artifactKey: Guid(5da515bfcce2e304cbab0d826d56e36d) Importer(815301076,1909f56bfc062723c751e8b465ee728b)
Start importing Assets/SmartNS/Documentation.txt using Guid(5da515bfcce2e304cbab0d826d56e36d) Importer(815301076,1909f56bfc062723c751e8b465ee728b)  -> (artifact id: '68c220262f819fb50815f9c50e19fcad') in 0.004872 seconds
  Import took 0.007327 seconds .

========================================================================
Received Prepare
Registering precompiled user dll's ...
Registered in 0.001447 seconds.
Begin MonoManager ReloadAssembly
Native extension for WindowsStandalone target not found
Refreshing native plugins compatible for Editor in 0.15 ms, found 0 plugins.
Preloading 0 native plugins for Editor in 0.00 ms.
Invoked RoslynAnalysisRunner static constructor.
RoslynAnalysisRunner will not be running.
RoslynAnalysisRunner has terminated.
Mono: successfully reloaded assembly
- Completed reload, in  0.739 seconds
Platform modules already initialized, skipping
Refreshing native plugins compatible for Editor in 0.15 ms, found 0 plugins.
Preloading 0 native plugins for Editor in 0.00 ms.
Unloading 1003 Unused Serialized files (Serialized files now loaded: 0)
System memory in use before: 49.3 MB.
System memory in use after: 49.4 MB.

Unloading 5 unused Assets to reduce memory usage. Loaded Objects now: 1455.
Total: 1.398900 ms (FindLiveObjects: 0.142200 ms CreateObjectMapping: 0.028600 ms MarkObjects: 1.212600 ms  DeleteObjects: 0.014400 ms)

========================================================================
Received Import Request.
  Time since last request: 636.766155 seconds.
  path: Assets/SmartNS/DoNotExport/CopyFilesToTestDir.bat
  artifactKey: Guid(65e8aabf4099f9648abfff7b9e5bc34f) Importer(815301076,1909f56bfc062723c751e8b465ee728b)
Start importing Assets/SmartNS/DoNotExport/CopyFilesToTestDir.bat using Guid(65e8aabf4099f9648abfff7b9e5bc34f) Importer(815301076,1909f56bfc062723c751e8b465ee728b)  -> (artifact id: '5319a592c434c319fbf6b3811005e326') in 0.017132 seconds
  Import took 0.019449 seconds .

========================================================================
Received Import Request.
  Time since last request: 0.395563 seconds.
  path: Assets/SmartNS/DoNotExport/SmartNS_2.0.1.unitypackage
  artifactKey: Guid(afa539c73ffd4bf468ee98ed37c01551) Importer(815301076,1909f56bfc062723c751e8b465ee728b)
Start importing Assets/SmartNS/DoNotExport/SmartNS_2.0.1.unitypackage using Guid(afa539c73ffd4bf468ee98ed37c01551) Importer(815301076,1909f56bfc062723c751e8b465ee728b)  -> (artifact id: '3092152a8d66853d57c6edb3057915c6') in 0.029913 seconds
  Import took 0.031689 seconds .

========================================================================
Received Import Request.
  Time since last request: 68.493358 seconds.
  path: Assets/SmartNS/Editor/SmartNSSettings.asset
  artifactKey: Guid(e2f3ad7888928ff4e9570fcefff499d0) Importer(815301076,1909f56bfc062723c751e8b465ee728b)
Start importing Assets/SmartNS/Editor/SmartNSSettings.asset using Guid(e2f3ad7888928ff4e9570fcefff499d0) Importer(815301076,1909f56bfc062723c751e8b465ee728b)  -> (artifact id: '3a15b3221b7e62ca4819dbbff685c4d4') in 0.009474 seconds
  Import took 0.011860 seconds .

AssetImportWorkerClient::OnTransportError - code=2 error=End of file
